[2025-12-24 06:11:59.988] [DEBUG] asyncio — Using proactor: IocpProactor
[2025-12-24 06:11:59.991] [DEBUG] core.config_manager — Configuration saved to config.yml
[2025-12-24 06:11:59.991] [INFO] core.config_manager — Created new configuration file at config.yml
[2025-12-24 06:11:59.991] [INFO] __main__ — Starting SwarmClone Backend v0.4.0...
[2025-12-24 06:11:59.991] [DEBUG] core.controller — Registered fallback signal handler for 2
[2025-12-24 06:11:59.991] [DEBUG] core.controller — Registered fallback signal handler for 15
[2025-12-24 06:11:59.991] [INFO] core.controller — Controller starting...
[2025-12-24 06:11:59.992] [INFO] core.controller — Scanning for modules in: D:\hmr-BH\Code\Python\SwarmClone\backend\src\modules
[2025-12-24 06:11:59.992] [INFO] core.controller — Loading module 'sample': class=SampleModule, entry=sample.py
[2025-12-24 06:11:59.993] [INFO] core.controller — Successfully loaded module: sample
[2025-12-24 06:11:59.993] [INFO] core.controller — Loaded 1 out of 3 module directories
[2025-12-24 06:11:59.993] [INFO] core.controller — Initializing 1 modules...
[2025-12-24 06:11:59.994] [DEBUG] core.config_manager — Module sample subscribed to event sample.config_item_1_test01
[2025-12-24 06:11:59.995] [DEBUG] core.config_manager — Configuration saved to config.yml
[2025-12-24 06:11:59.995] [DEBUG] core.config_manager — Configuration saved to config.yml
[2025-12-24 06:11:59.995] [DEBUG] core.config_manager — Publishing event sample.config_item_1_test01 to 1 modules
[2025-12-24 06:11:59.995] [INFO] modules.sample.sample — [SAMPLE] Config item 1 changed: This is a test config item
[2025-12-24 06:11:59.995] [DEBUG] core.config_manager — Config changed: sample.config_item_1_test01 = This is a test config item
[2025-12-24 06:11:59.995] [DEBUG] core.config_manager — Module sample subscribed to event sample.config_item_2_test02
[2025-12-24 06:11:59.997] [DEBUG] core.config_manager — Configuration saved to config.yml
[2025-12-24 06:11:59.997] [DEBUG] core.config_manager — Publishing event sample.config_item_2_test02 to 1 modules
[2025-12-24 06:11:59.997] [INFO] modules.sample.sample — [SAMPLE] Config item 2 changed: 123456
[2025-12-24 06:11:59.997] [DEBUG] core.config_manager — Config changed: sample.config_item_2_test02 = 123456
[2025-12-24 06:11:59.997] [DEBUG] core.config_manager — Module sample subscribed to event sample.config_item_2_test03
[2025-12-24 06:11:59.998] [DEBUG] core.config_manager — Configuration saved to config.yml
[2025-12-24 06:11:59.998] [DEBUG] core.config_manager — Publishing event sample.config_item_2_test03 to 1 modules
[2025-12-24 06:11:59.998] [INFO] modules.sample.sample — [SAMPLE] Config item 3 changed: False
[2025-12-24 06:11:59.998] [DEBUG] core.config_manager — Config changed: sample.config_item_2_test03 = False
[2025-12-24 06:11:59.998] [DEBUG] core.message — Module 'sample' subscribed to topic 'echo.request'
[2025-12-24 06:11:59.998] [DEBUG] core.message — Module 'sample' subscribed to topic 'echo.*'
[2025-12-24 06:11:59.998] [INFO] modules.sample.sample — [SAMPLE] Module Pre-initialized
[2025-12-24 06:11:59.998] [INFO] core.controller — Initialized module: sample
[2025-12-24 06:11:59.998] [INFO] core.controller — Starting enabled modules...
[2025-12-24 06:11:59.998] [INFO] core.base_module — [SAMPLE] Module started
[2025-12-24 06:11:59.998] [INFO] core.controller — Started module: sample
[2025-12-24 06:11:59.998] [INFO] core.controller — Started 1 modules
[2025-12-24 06:11:59.998] [INFO] core.controller — Controller running with 1 enabled modules
[2025-12-24 06:11:59.998] [INFO] core.controller — Press Ctrl+C to shutdown
[2025-12-24 06:11:59.998] [INFO] modules.sample.sample — [SAMPLE] Echo module running
[2025-12-24 06:11:59.999] [INFO] modules.sample.sample — [SAMPLE] Module received echo request #1: [SAMPLE] Echo #1
[2025-12-24 06:11:59.999] [DEBUG] modules.sample.sample — [SAMPLE] Wildcard echo: [SAMPLE] Echo #1
[2025-12-24 06:11:59.999] [DEBUG] modules.sample.sample — [SAMPLE] Wildcard echo: [SAMPLE] Echo #111111111aaa1
[2025-12-24 06:12:00.010] [INFO] modules.sample.sample — [SAMPLE] Module received echo request #2: [SAMPLE] Echo #2
[2025-12-24 06:12:00.010] [DEBUG] modules.sample.sample — [SAMPLE] Wildcard echo: [SAMPLE] Echo #2
[2025-12-24 06:12:00.010] [DEBUG] modules.sample.sample — [SAMPLE] Wildcard echo: [SAMPLE] Echo #111111111aaa2
[2025-12-24 06:12:00.025] [INFO] modules.sample.sample — [SAMPLE] Module received echo request #3: [SAMPLE] Echo #3
[2025-12-24 06:12:00.025] [DEBUG] modules.sample.sample — [SAMPLE] Wildcard echo: [SAMPLE] Echo #3
[2025-12-24 06:12:00.025] [DEBUG] modules.sample.sample — [SAMPLE] Wildcard echo: [SAMPLE] Echo #111111111aaa3
[2025-12-24 06:12:00.041] [INFO] modules.sample.sample — [SAMPLE] Module received echo request #4: [SAMPLE] Echo #4
[2025-12-24 06:12:00.041] [DEBUG] modules.sample.sample — [SAMPLE] Wildcard echo: [SAMPLE] Echo #4
[2025-12-24 06:12:00.041] [DEBUG] modules.sample.sample — [SAMPLE] Wildcard echo: [SAMPLE] Echo #111111111aaa4
[2025-12-24 06:12:00.057] [INFO] modules.sample.sample — [SAMPLE] Module received echo request #5: [SAMPLE] Echo #5
[2025-12-24 06:12:00.057] [DEBUG] modules.sample.sample — [SAMPLE] Wildcard echo: [SAMPLE] Echo #5
[2025-12-24 06:12:00.057] [DEBUG] modules.sample.sample — [SAMPLE] Wildcard echo: [SAMPLE] Echo #111111111aaa5
[2025-12-24 06:12:00.073] [INFO] modules.sample.sample — [SAMPLE] Module received echo request #6: [SAMPLE] Echo #6
[2025-12-24 06:12:00.073] [DEBUG] modules.sample.sample — [SAMPLE] Wildcard echo: [SAMPLE] Echo #6
[2025-12-24 06:12:00.073] [DEBUG] modules.sample.sample — [SAMPLE] Wildcard echo: [SAMPLE] Echo #111111111aaa6
[2025-12-24 06:12:00.089] [INFO] modules.sample.sample — [SAMPLE] Module received echo request #7: [SAMPLE] Echo #7
[2025-12-24 06:12:00.089] [DEBUG] modules.sample.sample — [SAMPLE] Wildcard echo: [SAMPLE] Echo #7
[2025-12-24 06:12:00.089] [DEBUG] modules.sample.sample — [SAMPLE] Wildcard echo: [SAMPLE] Echo #111111111aaa7
[2025-12-24 06:12:00.104] [INFO] modules.sample.sample — [SAMPLE] Module received echo request #8: [SAMPLE] Echo #8
[2025-12-24 06:12:00.104] [DEBUG] modules.sample.sample — [SAMPLE] Wildcard echo: [SAMPLE] Echo #8
[2025-12-24 06:12:00.104] [DEBUG] modules.sample.sample — [SAMPLE] Wildcard echo: [SAMPLE] Echo #111111111aaa8
[2025-12-24 06:12:00.119] [INFO] modules.sample.sample — [SAMPLE] Module received echo request #9: [SAMPLE] Echo #9
[2025-12-24 06:12:00.120] [DEBUG] modules.sample.sample — [SAMPLE] Wildcard echo: [SAMPLE] Echo #9
[2025-12-24 06:12:00.120] [DEBUG] modules.sample.sample — [SAMPLE] Wildcard echo: [SAMPLE] Echo #111111111aaa9
[2025-12-24 06:12:00.135] [INFO] modules.sample.sample — [SAMPLE] Module received echo request #10: [SAMPLE] Echo #10
[2025-12-24 06:12:00.135] [DEBUG] modules.sample.sample — [SAMPLE] Wildcard echo: [SAMPLE] Echo #10
[2025-12-24 06:12:00.135] [DEBUG] modules.sample.sample — [SAMPLE] Wildcard echo: [SAMPLE] Echo #111111111aaa10
[2025-12-24 06:12:00.150] [INFO] modules.sample.sample — [SAMPLE] Module received echo request #11: [SAMPLE] Echo #11
[2025-12-24 06:12:00.150] [DEBUG] modules.sample.sample — [SAMPLE] Wildcard echo: [SAMPLE] Echo #11
[2025-12-24 06:12:00.150] [DEBUG] modules.sample.sample — [SAMPLE] Wildcard echo: [SAMPLE] Echo #111111111aaa11
[2025-12-24 06:12:00.166] [INFO] modules.sample.sample — [SAMPLE] Module received echo request #12: [SAMPLE] Echo #12
[2025-12-24 06:12:00.166] [DEBUG] modules.sample.sample — [SAMPLE] Wildcard echo: [SAMPLE] Echo #12
[2025-12-24 06:12:00.166] [DEBUG] modules.sample.sample — [SAMPLE] Wildcard echo: [SAMPLE] Echo #111111111aaa12
[2025-12-24 06:12:00.181] [INFO] modules.sample.sample — [SAMPLE] Module received echo request #13: [SAMPLE] Echo #13
[2025-12-24 06:12:00.182] [DEBUG] modules.sample.sample — [SAMPLE] Wildcard echo: [SAMPLE] Echo #13
[2025-12-24 06:12:00.182] [DEBUG] modules.sample.sample — [SAMPLE] Wildcard echo: [SAMPLE] Echo #111111111aaa13
[2025-12-24 06:12:00.197] [INFO] modules.sample.sample — [SAMPLE] Module received echo request #14: [SAMPLE] Echo #14
[2025-12-24 06:12:00.197] [DEBUG] modules.sample.sample — [SAMPLE] Wildcard echo: [SAMPLE] Echo #14
[2025-12-24 06:12:00.198] [DEBUG] modules.sample.sample — [SAMPLE] Wildcard echo: [SAMPLE] Echo #111111111aaa14
[2025-12-24 06:12:00.213] [INFO] modules.sample.sample — [SAMPLE] Module received echo request #15: [SAMPLE] Echo #15
[2025-12-24 06:12:00.213] [DEBUG] modules.sample.sample — [SAMPLE] Wildcard echo: [SAMPLE] Echo #15
[2025-12-24 06:12:00.213] [DEBUG] modules.sample.sample — [SAMPLE] Wildcard echo: [SAMPLE] Echo #111111111aaa15
[2025-12-24 06:12:00.228] [INFO] modules.sample.sample — [SAMPLE] Module received echo request #16: [SAMPLE] Echo #16
[2025-12-24 06:12:00.228] [DEBUG] modules.sample.sample — [SAMPLE] Wildcard echo: [SAMPLE] Echo #16
[2025-12-24 06:12:00.228] [DEBUG] modules.sample.sample — [SAMPLE] Wildcard echo: [SAMPLE] Echo #111111111aaa16
[2025-12-24 06:12:00.244] [INFO] modules.sample.sample — [SAMPLE] Module received echo request #17: [SAMPLE] Echo #17
[2025-12-24 06:12:00.244] [DEBUG] modules.sample.sample — [SAMPLE] Wildcard echo: [SAMPLE] Echo #17
[2025-12-24 06:12:00.244] [DEBUG] modules.sample.sample — [SAMPLE] Wildcard echo: [SAMPLE] Echo #111111111aaa17
[2025-12-24 06:12:00.259] [INFO] modules.sample.sample — [SAMPLE] Module received echo request #18: [SAMPLE] Echo #18
[2025-12-24 06:12:00.259] [DEBUG] modules.sample.sample — [SAMPLE] Wildcard echo: [SAMPLE] Echo #18
[2025-12-24 06:12:00.259] [DEBUG] modules.sample.sample — [SAMPLE] Wildcard echo: [SAMPLE] Echo #111111111aaa18
[2025-12-24 06:12:00.275] [INFO] modules.sample.sample — [SAMPLE] Module received echo request #19: [SAMPLE] Echo #19
[2025-12-24 06:12:00.275] [DEBUG] modules.sample.sample — [SAMPLE] Wildcard echo: [SAMPLE] Echo #19
[2025-12-24 06:12:00.275] [DEBUG] modules.sample.sample — [SAMPLE] Wildcard echo: [SAMPLE] Echo #111111111aaa19
[2025-12-24 06:12:00.290] [INFO] modules.sample.sample — [SAMPLE] Module received echo request #20: [SAMPLE] Echo #20
[2025-12-24 06:12:00.290] [DEBUG] modules.sample.sample — [SAMPLE] Wildcard echo: [SAMPLE] Echo #20
[2025-12-24 06:12:00.290] [DEBUG] modules.sample.sample — [SAMPLE] Wildcard echo: [SAMPLE] Echo #111111111aaa20
[2025-12-24 06:12:00.305] [INFO] modules.sample.sample — [SAMPLE] Module received echo request #21: [SAMPLE] Echo #21
[2025-12-24 06:12:00.305] [DEBUG] modules.sample.sample — [SAMPLE] Wildcard echo: [SAMPLE] Echo #21
[2025-12-24 06:12:00.305] [DEBUG] modules.sample.sample — [SAMPLE] Wildcard echo: [SAMPLE] Echo #111111111aaa21
[2025-12-24 06:12:00.321] [INFO] modules.sample.sample — [SAMPLE] Module received echo request #22: [SAMPLE] Echo #22
[2025-12-24 06:12:00.321] [DEBUG] modules.sample.sample — [SAMPLE] Wildcard echo: [SAMPLE] Echo #22
[2025-12-24 06:12:00.321] [DEBUG] modules.sample.sample — [SAMPLE] Wildcard echo: [SAMPLE] Echo #111111111aaa22
[2025-12-24 06:12:00.336] [INFO] modules.sample.sample — [SAMPLE] Module received echo request #23: [SAMPLE] Echo #23
[2025-12-24 06:12:00.336] [DEBUG] modules.sample.sample — [SAMPLE] Wildcard echo: [SAMPLE] Echo #23
[2025-12-24 06:12:00.336] [DEBUG] modules.sample.sample — [SAMPLE] Wildcard echo: [SAMPLE] Echo #111111111aaa23
[2025-12-24 06:12:00.351] [INFO] modules.sample.sample — [SAMPLE] Module received echo request #24: [SAMPLE] Echo #24
[2025-12-24 06:12:00.352] [DEBUG] modules.sample.sample — [SAMPLE] Wildcard echo: [SAMPLE] Echo #24
[2025-12-24 06:12:00.352] [DEBUG] modules.sample.sample — [SAMPLE] Wildcard echo: [SAMPLE] Echo #111111111aaa24
[2025-12-24 06:12:00.367] [INFO] modules.sample.sample — [SAMPLE] Module received echo request #25: [SAMPLE] Echo #25
[2025-12-24 06:12:00.367] [DEBUG] modules.sample.sample — [SAMPLE] Wildcard echo: [SAMPLE] Echo #25
[2025-12-24 06:12:00.367] [DEBUG] modules.sample.sample — [SAMPLE] Wildcard echo: [SAMPLE] Echo #111111111aaa25
[2025-12-24 06:12:00.382] [INFO] modules.sample.sample — [SAMPLE] Module received echo request #26: [SAMPLE] Echo #26
[2025-12-24 06:12:00.382] [DEBUG] modules.sample.sample — [SAMPLE] Wildcard echo: [SAMPLE] Echo #26
[2025-12-24 06:12:00.382] [DEBUG] modules.sample.sample — [SAMPLE] Wildcard echo: [SAMPLE] Echo #111111111aaa26
[2025-12-24 06:12:00.398] [INFO] modules.sample.sample — [SAMPLE] Module received echo request #27: [SAMPLE] Echo #27
[2025-12-24 06:12:00.398] [DEBUG] modules.sample.sample — [SAMPLE] Wildcard echo: [SAMPLE] Echo #27
[2025-12-24 06:12:00.398] [DEBUG] modules.sample.sample — [SAMPLE] Wildcard echo: [SAMPLE] Echo #111111111aaa27
[2025-12-24 06:12:00.414] [INFO] modules.sample.sample — [SAMPLE] Module received echo request #28: [SAMPLE] Echo #28
[2025-12-24 06:12:00.414] [DEBUG] modules.sample.sample — [SAMPLE] Wildcard echo: [SAMPLE] Echo #28
[2025-12-24 06:12:00.414] [DEBUG] modules.sample.sample — [SAMPLE] Wildcard echo: [SAMPLE] Echo #111111111aaa28
[2025-12-24 06:12:00.429] [INFO] modules.sample.sample — [SAMPLE] Module received echo request #29: [SAMPLE] Echo #29
[2025-12-24 06:12:00.430] [DEBUG] modules.sample.sample — [SAMPLE] Wildcard echo: [SAMPLE] Echo #29
[2025-12-24 06:12:00.430] [DEBUG] modules.sample.sample — [SAMPLE] Wildcard echo: [SAMPLE] Echo #111111111aaa29
[2025-12-24 06:12:00.444] [INFO] modules.sample.sample — [SAMPLE] Module received echo request #30: [SAMPLE] Echo #30
[2025-12-24 06:12:00.445] [DEBUG] modules.sample.sample — [SAMPLE] Wildcard echo: [SAMPLE] Echo #30
[2025-12-24 06:12:00.445] [DEBUG] modules.sample.sample — [SAMPLE] Wildcard echo: [SAMPLE] Echo #111111111aaa30
[2025-12-24 06:12:00.460] [INFO] modules.sample.sample — [SAMPLE] Module received echo request #31: [SAMPLE] Echo #31
[2025-12-24 06:12:00.469] [DEBUG] modules.sample.sample — [SAMPLE] Wildcard echo: [SAMPLE] Echo #31
[2025-12-24 06:12:00.469] [DEBUG] modules.sample.sample — [SAMPLE] Wildcard echo: [SAMPLE] Echo #111111111aaa31
[2025-12-24 06:12:00.475] [INFO] modules.sample.sample — [SAMPLE] Module received echo request #32: [SAMPLE] Echo #32
[2025-12-24 06:12:00.476] [DEBUG] modules.sample.sample — [SAMPLE] Wildcard echo: [SAMPLE] Echo #32
[2025-12-24 06:12:00.476] [DEBUG] modules.sample.sample — [SAMPLE] Wildcard echo: [SAMPLE] Echo #111111111aaa32
[2025-12-24 06:12:00.492] [INFO] modules.sample.sample — [SAMPLE] Module received echo request #33: [SAMPLE] Echo #33
[2025-12-24 06:12:00.492] [DEBUG] modules.sample.sample — [SAMPLE] Wildcard echo: [SAMPLE] Echo #33
[2025-12-24 06:12:00.492] [DEBUG] modules.sample.sample — [SAMPLE] Wildcard echo: [SAMPLE] Echo #111111111aaa33
[2025-12-24 06:12:00.507] [INFO] modules.sample.sample — [SAMPLE] Module received echo request #34: [SAMPLE] Echo #34
[2025-12-24 06:12:00.507] [DEBUG] modules.sample.sample — [SAMPLE] Wildcard echo: [SAMPLE] Echo #34
[2025-12-24 06:12:00.507] [DEBUG] modules.sample.sample — [SAMPLE] Wildcard echo: [SAMPLE] Echo #111111111aaa34
[2025-12-24 06:12:00.523] [INFO] modules.sample.sample — [SAMPLE] Module received echo request #35: [SAMPLE] Echo #35
[2025-12-24 06:12:00.523] [DEBUG] modules.sample.sample — [SAMPLE] Wildcard echo: [SAMPLE] Echo #35
[2025-12-24 06:12:00.523] [DEBUG] modules.sample.sample — [SAMPLE] Wildcard echo: [SAMPLE] Echo #111111111aaa35
[2025-12-24 06:12:00.539] [INFO] modules.sample.sample — [SAMPLE] Module received echo request #36: [SAMPLE] Echo #36
[2025-12-24 06:12:00.539] [DEBUG] modules.sample.sample — [SAMPLE] Wildcard echo: [SAMPLE] Echo #36
[2025-12-24 06:12:00.539] [DEBUG] modules.sample.sample — [SAMPLE] Wildcard echo: [SAMPLE] Echo #111111111aaa36
[2025-12-24 06:12:00.554] [INFO] modules.sample.sample — [SAMPLE] Module received echo request #37: [SAMPLE] Echo #37
[2025-12-24 06:12:00.554] [DEBUG] modules.sample.sample — [SAMPLE] Wildcard echo: [SAMPLE] Echo #37
[2025-12-24 06:12:00.554] [DEBUG] modules.sample.sample — [SAMPLE] Wildcard echo: [SAMPLE] Echo #111111111aaa37
[2025-12-24 06:12:00.570] [INFO] modules.sample.sample — [SAMPLE] Module received echo request #38: [SAMPLE] Echo #38
[2025-12-24 06:12:00.570] [DEBUG] modules.sample.sample — [SAMPLE] Wildcard echo: [SAMPLE] Echo #38
[2025-12-24 06:12:00.570] [DEBUG] modules.sample.sample — [SAMPLE] Wildcard echo: [SAMPLE] Echo #111111111aaa38
[2025-12-24 06:12:00.585] [INFO] modules.sample.sample — [SAMPLE] Module received echo request #39: [SAMPLE] Echo #39
[2025-12-24 06:12:00.585] [DEBUG] modules.sample.sample — [SAMPLE] Wildcard echo: [SAMPLE] Echo #39
[2025-12-24 06:12:00.585] [DEBUG] modules.sample.sample — [SAMPLE] Wildcard echo: [SAMPLE] Echo #111111111aaa39
[2025-12-24 06:12:00.601] [INFO] modules.sample.sample — [SAMPLE] Module received echo request #40: [SAMPLE] Echo #40
[2025-12-24 06:12:00.601] [DEBUG] modules.sample.sample — [SAMPLE] Wildcard echo: [SAMPLE] Echo #40
[2025-12-24 06:12:00.601] [DEBUG] modules.sample.sample — [SAMPLE] Wildcard echo: [SAMPLE] Echo #111111111aaa40
[2025-12-24 06:12:00.616] [INFO] modules.sample.sample — [SAMPLE] Module received echo request #41: [SAMPLE] Echo #41
[2025-12-24 06:12:00.616] [DEBUG] modules.sample.sample — [SAMPLE] Wildcard echo: [SAMPLE] Echo #41
[2025-12-24 06:12:00.616] [DEBUG] modules.sample.sample — [SAMPLE] Wildcard echo: [SAMPLE] Echo #111111111aaa41
[2025-12-24 06:12:00.632] [INFO] modules.sample.sample — [SAMPLE] Module received echo request #42: [SAMPLE] Echo #42
[2025-12-24 06:12:00.632] [DEBUG] modules.sample.sample — [SAMPLE] Wildcard echo: [SAMPLE] Echo #42
[2025-12-24 06:12:00.633] [DEBUG] modules.sample.sample — [SAMPLE] Wildcard echo: [SAMPLE] Echo #111111111aaa42
[2025-12-24 06:12:00.647] [INFO] modules.sample.sample — [SAMPLE] Module received echo request #43: [SAMPLE] Echo #43
[2025-12-24 06:12:00.648] [DEBUG] modules.sample.sample — [SAMPLE] Wildcard echo: [SAMPLE] Echo #43
[2025-12-24 06:12:00.648] [DEBUG] modules.sample.sample — [SAMPLE] Wildcard echo: [SAMPLE] Echo #111111111aaa43
[2025-12-24 06:12:00.663] [INFO] modules.sample.sample — [SAMPLE] Module received echo request #44: [SAMPLE] Echo #44
[2025-12-24 06:12:00.663] [DEBUG] modules.sample.sample — [SAMPLE] Wildcard echo: [SAMPLE] Echo #44
[2025-12-24 06:12:00.664] [DEBUG] modules.sample.sample — [SAMPLE] Wildcard echo: [SAMPLE] Echo #111111111aaa44
[2025-12-24 06:12:00.679] [INFO] modules.sample.sample — [SAMPLE] Module received echo request #45: [SAMPLE] Echo #45
[2025-12-24 06:12:00.679] [DEBUG] modules.sample.sample — [SAMPLE] Wildcard echo: [SAMPLE] Echo #45
[2025-12-24 06:12:00.680] [DEBUG] modules.sample.sample — [SAMPLE] Wildcard echo: [SAMPLE] Echo #111111111aaa45
[2025-12-24 06:12:00.694] [INFO] modules.sample.sample — [SAMPLE] Module received echo request #46: [SAMPLE] Echo #46
[2025-12-24 06:12:00.694] [DEBUG] modules.sample.sample — [SAMPLE] Wildcard echo: [SAMPLE] Echo #46
[2025-12-24 06:12:00.694] [DEBUG] modules.sample.sample — [SAMPLE] Wildcard echo: [SAMPLE] Echo #111111111aaa46
[2025-12-24 06:12:00.710] [INFO] modules.sample.sample — [SAMPLE] Module received echo request #47: [SAMPLE] Echo #47
[2025-12-24 06:12:00.710] [DEBUG] modules.sample.sample — [SAMPLE] Wildcard echo: [SAMPLE] Echo #47
[2025-12-24 06:12:00.710] [DEBUG] modules.sample.sample — [SAMPLE] Wildcard echo: [SAMPLE] Echo #111111111aaa47
[2025-12-24 06:12:00.726] [INFO] modules.sample.sample — [SAMPLE] Module received echo request #48: [SAMPLE] Echo #48
[2025-12-24 06:12:00.726] [DEBUG] modules.sample.sample — [SAMPLE] Wildcard echo: [SAMPLE] Echo #48
[2025-12-24 06:12:00.726] [DEBUG] modules.sample.sample — [SAMPLE] Wildcard echo: [SAMPLE] Echo #111111111aaa48
[2025-12-24 06:12:00.742] [INFO] modules.sample.sample — [SAMPLE] Module received echo request #49: [SAMPLE] Echo #49
[2025-12-24 06:12:00.742] [DEBUG] modules.sample.sample — [SAMPLE] Wildcard echo: [SAMPLE] Echo #49
[2025-12-24 06:12:00.742] [DEBUG] modules.sample.sample — [SAMPLE] Wildcard echo: [SAMPLE] Echo #111111111aaa49
[2025-12-24 06:12:00.758] [INFO] modules.sample.sample — [SAMPLE] Module received echo request #50: [SAMPLE] Echo #50
[2025-12-24 06:12:00.758] [DEBUG] modules.sample.sample — [SAMPLE] Wildcard echo: [SAMPLE] Echo #50
[2025-12-24 06:12:00.758] [DEBUG] modules.sample.sample — [SAMPLE] Wildcard echo: [SAMPLE] Echo #111111111aaa50
[2025-12-24 06:12:00.773] [INFO] modules.sample.sample — [SAMPLE] Module received echo request #51: [SAMPLE] Echo #51
[2025-12-24 06:12:00.773] [DEBUG] modules.sample.sample — [SAMPLE] Wildcard echo: [SAMPLE] Echo #51
[2025-12-24 06:12:00.773] [DEBUG] modules.sample.sample — [SAMPLE] Wildcard echo: [SAMPLE] Echo #111111111aaa51
[2025-12-24 06:12:00.789] [INFO] modules.sample.sample — [SAMPLE] Module received echo request #52: [SAMPLE] Echo #52
[2025-12-24 06:12:00.789] [DEBUG] modules.sample.sample — [SAMPLE] Wildcard echo: [SAMPLE] Echo #52
[2025-12-24 06:12:00.790] [DEBUG] modules.sample.sample — [SAMPLE] Wildcard echo: [SAMPLE] Echo #111111111aaa52
[2025-12-24 06:12:00.805] [INFO] modules.sample.sample — [SAMPLE] Module received echo request #53: [SAMPLE] Echo #53
[2025-12-24 06:12:00.805] [DEBUG] modules.sample.sample — [SAMPLE] Wildcard echo: [SAMPLE] Echo #53
[2025-12-24 06:12:00.805] [DEBUG] modules.sample.sample — [SAMPLE] Wildcard echo: [SAMPLE] Echo #111111111aaa53
[2025-12-24 06:12:00.821] [INFO] modules.sample.sample — [SAMPLE] Module received echo request #54: [SAMPLE] Echo #54
[2025-12-24 06:12:00.821] [DEBUG] modules.sample.sample — [SAMPLE] Wildcard echo: [SAMPLE] Echo #54
[2025-12-24 06:12:00.821] [DEBUG] modules.sample.sample — [SAMPLE] Wildcard echo: [SAMPLE] Echo #111111111aaa54
[2025-12-24 06:12:00.837] [INFO] modules.sample.sample — [SAMPLE] Module received echo request #55: [SAMPLE] Echo #55
[2025-12-24 06:12:00.837] [DEBUG] modules.sample.sample — [SAMPLE] Wildcard echo: [SAMPLE] Echo #55
[2025-12-24 06:12:00.837] [DEBUG] modules.sample.sample — [SAMPLE] Wildcard echo: [SAMPLE] Echo #111111111aaa55
[2025-12-24 06:12:00.853] [INFO] modules.sample.sample — [SAMPLE] Module received echo request #56: [SAMPLE] Echo #56
[2025-12-24 06:12:00.853] [DEBUG] modules.sample.sample — [SAMPLE] Wildcard echo: [SAMPLE] Echo #56
[2025-12-24 06:12:00.853] [DEBUG] modules.sample.sample — [SAMPLE] Wildcard echo: [SAMPLE] Echo #111111111aaa56
[2025-12-24 06:12:00.869] [INFO] modules.sample.sample — [SAMPLE] Module received echo request #57: [SAMPLE] Echo #57
[2025-12-24 06:12:00.869] [DEBUG] modules.sample.sample — [SAMPLE] Wildcard echo: [SAMPLE] Echo #57
[2025-12-24 06:12:00.869] [DEBUG] modules.sample.sample — [SAMPLE] Wildcard echo: [SAMPLE] Echo #111111111aaa57
[2025-12-24 06:12:00.884] [INFO] modules.sample.sample — [SAMPLE] Module received echo request #58: [SAMPLE] Echo #58
[2025-12-24 06:12:00.884] [DEBUG] modules.sample.sample — [SAMPLE] Wildcard echo: [SAMPLE] Echo #58
[2025-12-24 06:12:00.884] [DEBUG] modules.sample.sample — [SAMPLE] Wildcard echo: [SAMPLE] Echo #111111111aaa58
[2025-12-24 06:12:00.899] [INFO] modules.sample.sample — [SAMPLE] Module received echo request #59: [SAMPLE] Echo #59
[2025-12-24 06:12:00.900] [DEBUG] modules.sample.sample — [SAMPLE] Wildcard echo: [SAMPLE] Echo #59
[2025-12-24 06:12:00.900] [DEBUG] modules.sample.sample — [SAMPLE] Wildcard echo: [SAMPLE] Echo #111111111aaa59
[2025-12-24 06:12:00.914] [INFO] modules.sample.sample — [SAMPLE] Module received echo request #60: [SAMPLE] Echo #60
[2025-12-24 06:12:00.915] [DEBUG] modules.sample.sample — [SAMPLE] Wildcard echo: [SAMPLE] Echo #60
[2025-12-24 06:12:00.915] [DEBUG] modules.sample.sample — [SAMPLE] Wildcard echo: [SAMPLE] Echo #111111111aaa60
[2025-12-24 06:12:00.930] [INFO] modules.sample.sample — [SAMPLE] Module received echo request #61: [SAMPLE] Echo #61
[2025-12-24 06:12:00.930] [DEBUG] modules.sample.sample — [SAMPLE] Wildcard echo: [SAMPLE] Echo #61
[2025-12-24 06:12:00.930] [DEBUG] modules.sample.sample — [SAMPLE] Wildcard echo: [SAMPLE] Echo #111111111aaa61
[2025-12-24 06:12:00.946] [INFO] modules.sample.sample — [SAMPLE] Module received echo request #62: [SAMPLE] Echo #62
[2025-12-24 06:12:00.946] [DEBUG] modules.sample.sample — [SAMPLE] Wildcard echo: [SAMPLE] Echo #62
[2025-12-24 06:12:00.946] [DEBUG] modules.sample.sample — [SAMPLE] Wildcard echo: [SAMPLE] Echo #111111111aaa62
[2025-12-24 06:12:00.961] [INFO] modules.sample.sample — [SAMPLE] Module received echo request #63: [SAMPLE] Echo #63
[2025-12-24 06:12:00.961] [DEBUG] modules.sample.sample — [SAMPLE] Wildcard echo: [SAMPLE] Echo #63
[2025-12-24 06:12:00.961] [DEBUG] modules.sample.sample — [SAMPLE] Wildcard echo: [SAMPLE] Echo #111111111aaa63
[2025-12-24 06:12:00.977] [INFO] modules.sample.sample — [SAMPLE] Module received echo request #64: [SAMPLE] Echo #64
[2025-12-24 06:12:00.977] [DEBUG] modules.sample.sample — [SAMPLE] Wildcard echo: [SAMPLE] Echo #64
[2025-12-24 06:12:00.977] [DEBUG] modules.sample.sample — [SAMPLE] Wildcard echo: [SAMPLE] Echo #111111111aaa64
[2025-12-24 06:12:00.992] [INFO] modules.sample.sample — [SAMPLE] Module received echo request #65: [SAMPLE] Echo #65
[2025-12-24 06:12:00.992] [DEBUG] modules.sample.sample — [SAMPLE] Wildcard echo: [SAMPLE] Echo #65
[2025-12-24 06:12:00.992] [DEBUG] modules.sample.sample — [SAMPLE] Wildcard echo: [SAMPLE] Echo #111111111aaa65
[2025-12-24 06:12:01.007] [INFO] modules.sample.sample — [SAMPLE] Module received echo request #66: [SAMPLE] Echo #66
[2025-12-24 06:12:01.007] [DEBUG] modules.sample.sample — [SAMPLE] Wildcard echo: [SAMPLE] Echo #66
[2025-12-24 06:12:01.007] [DEBUG] modules.sample.sample — [SAMPLE] Wildcard echo: [SAMPLE] Echo #111111111aaa66
[2025-12-24 06:12:01.022] [INFO] modules.sample.sample — [SAMPLE] Module received echo request #67: [SAMPLE] Echo #67
[2025-12-24 06:12:01.022] [DEBUG] modules.sample.sample — [SAMPLE] Wildcard echo: [SAMPLE] Echo #67
[2025-12-24 06:12:01.022] [DEBUG] modules.sample.sample — [SAMPLE] Wildcard echo: [SAMPLE] Echo #111111111aaa67
[2025-12-24 06:12:01.038] [INFO] modules.sample.sample — [SAMPLE] Module received echo request #68: [SAMPLE] Echo #68
[2025-12-24 06:12:01.038] [DEBUG] modules.sample.sample — [SAMPLE] Wildcard echo: [SAMPLE] Echo #68
[2025-12-24 06:12:01.038] [DEBUG] modules.sample.sample — [SAMPLE] Wildcard echo: [SAMPLE] Echo #111111111aaa68
[2025-12-24 06:12:01.053] [INFO] modules.sample.sample — [SAMPLE] Module received echo request #69: [SAMPLE] Echo #69
[2025-12-24 06:12:01.053] [DEBUG] modules.sample.sample — [SAMPLE] Wildcard echo: [SAMPLE] Echo #69
[2025-12-24 06:12:01.053] [DEBUG] modules.sample.sample — [SAMPLE] Wildcard echo: [SAMPLE] Echo #111111111aaa69
[2025-12-24 06:12:01.069] [INFO] modules.sample.sample — [SAMPLE] Module received echo request #70: [SAMPLE] Echo #70
[2025-12-24 06:12:01.069] [DEBUG] modules.sample.sample — [SAMPLE] Wildcard echo: [SAMPLE] Echo #70
[2025-12-24 06:12:01.069] [DEBUG] modules.sample.sample — [SAMPLE] Wildcard echo: [SAMPLE] Echo #111111111aaa70
[2025-12-24 06:12:01.085] [INFO] modules.sample.sample — [SAMPLE] Module received echo request #71: [SAMPLE] Echo #71
[2025-12-24 06:12:01.085] [DEBUG] modules.sample.sample — [SAMPLE] Wildcard echo: [SAMPLE] Echo #71
[2025-12-24 06:12:01.086] [DEBUG] modules.sample.sample — [SAMPLE] Wildcard echo: [SAMPLE] Echo #111111111aaa71
[2025-12-24 06:12:01.101] [INFO] modules.sample.sample — [SAMPLE] Module received echo request #72: [SAMPLE] Echo #72
[2025-12-24 06:12:01.101] [DEBUG] modules.sample.sample — [SAMPLE] Wildcard echo: [SAMPLE] Echo #72
[2025-12-24 06:12:01.101] [DEBUG] modules.sample.sample — [SAMPLE] Wildcard echo: [SAMPLE] Echo #111111111aaa72
[2025-12-24 06:12:01.117] [INFO] modules.sample.sample — [SAMPLE] Module received echo request #73: [SAMPLE] Echo #73
[2025-12-24 06:12:01.117] [DEBUG] modules.sample.sample — [SAMPLE] Wildcard echo: [SAMPLE] Echo #73
[2025-12-24 06:12:01.117] [DEBUG] modules.sample.sample — [SAMPLE] Wildcard echo: [SAMPLE] Echo #111111111aaa73
[2025-12-24 06:12:01.133] [INFO] modules.sample.sample — [SAMPLE] Module received echo request #74: [SAMPLE] Echo #74
[2025-12-24 06:12:01.133] [DEBUG] modules.sample.sample — [SAMPLE] Wildcard echo: [SAMPLE] Echo #74
[2025-12-24 06:12:01.133] [DEBUG] modules.sample.sample — [SAMPLE] Wildcard echo: [SAMPLE] Echo #111111111aaa74
[2025-12-24 06:12:01.149] [INFO] modules.sample.sample — [SAMPLE] Module received echo request #75: [SAMPLE] Echo #75
[2025-12-24 06:12:01.149] [DEBUG] modules.sample.sample — [SAMPLE] Wildcard echo: [SAMPLE] Echo #75
[2025-12-24 06:12:01.149] [DEBUG] modules.sample.sample — [SAMPLE] Wildcard echo: [SAMPLE] Echo #111111111aaa75
[2025-12-24 06:12:01.165] [INFO] modules.sample.sample — [SAMPLE] Module received echo request #76: [SAMPLE] Echo #76
[2025-12-24 06:12:01.165] [DEBUG] modules.sample.sample — [SAMPLE] Wildcard echo: [SAMPLE] Echo #76
[2025-12-24 06:12:01.165] [DEBUG] modules.sample.sample — [SAMPLE] Wildcard echo: [SAMPLE] Echo #111111111aaa76
[2025-12-24 06:12:01.180] [INFO] modules.sample.sample — [SAMPLE] Module received echo request #77: [SAMPLE] Echo #77
[2025-12-24 06:12:01.180] [DEBUG] modules.sample.sample — [SAMPLE] Wildcard echo: [SAMPLE] Echo #77
[2025-12-24 06:12:01.180] [DEBUG] modules.sample.sample — [SAMPLE] Wildcard echo: [SAMPLE] Echo #111111111aaa77
[2025-12-24 06:12:01.195] [INFO] modules.sample.sample — [SAMPLE] Module received echo request #78: [SAMPLE] Echo #78
[2025-12-24 06:12:01.195] [DEBUG] modules.sample.sample — [SAMPLE] Wildcard echo: [SAMPLE] Echo #78
[2025-12-24 06:12:01.195] [DEBUG] modules.sample.sample — [SAMPLE] Wildcard echo: [SAMPLE] Echo #111111111aaa78
[2025-12-24 06:12:01.210] [INFO] modules.sample.sample — [SAMPLE] Module received echo request #79: [SAMPLE] Echo #79
[2025-12-24 06:12:01.210] [DEBUG] modules.sample.sample — [SAMPLE] Wildcard echo: [SAMPLE] Echo #79
[2025-12-24 06:12:01.210] [DEBUG] modules.sample.sample — [SAMPLE] Wildcard echo: [SAMPLE] Echo #111111111aaa79
[2025-12-24 06:12:01.225] [INFO] modules.sample.sample — [SAMPLE] Module received echo request #80: [SAMPLE] Echo #80
[2025-12-24 06:12:01.225] [DEBUG] modules.sample.sample — [SAMPLE] Wildcard echo: [SAMPLE] Echo #80
[2025-12-24 06:12:01.225] [DEBUG] modules.sample.sample — [SAMPLE] Wildcard echo: [SAMPLE] Echo #111111111aaa80
[2025-12-24 06:12:01.241] [INFO] modules.sample.sample — [SAMPLE] Module received echo request #81: [SAMPLE] Echo #81
[2025-12-24 06:12:01.241] [DEBUG] modules.sample.sample — [SAMPLE] Wildcard echo: [SAMPLE] Echo #81
[2025-12-24 06:12:01.241] [DEBUG] modules.sample.sample — [SAMPLE] Wildcard echo: [SAMPLE] Echo #111111111aaa81
[2025-12-24 06:12:01.257] [INFO] modules.sample.sample — [SAMPLE] Module received echo request #82: [SAMPLE] Echo #82
[2025-12-24 06:12:01.257] [DEBUG] modules.sample.sample — [SAMPLE] Wildcard echo: [SAMPLE] Echo #82
[2025-12-24 06:12:01.258] [DEBUG] modules.sample.sample — [SAMPLE] Wildcard echo: [SAMPLE] Echo #111111111aaa82
[2025-12-24 06:12:01.273] [INFO] modules.sample.sample — [SAMPLE] Module received echo request #83: [SAMPLE] Echo #83
[2025-12-24 06:12:01.274] [DEBUG] modules.sample.sample — [SAMPLE] Wildcard echo: [SAMPLE] Echo #83
[2025-12-24 06:12:01.274] [DEBUG] modules.sample.sample — [SAMPLE] Wildcard echo: [SAMPLE] Echo #111111111aaa83
[2025-12-24 06:12:01.288] [INFO] modules.sample.sample — [SAMPLE] Module received echo request #84: [SAMPLE] Echo #84
[2025-12-24 06:12:01.289] [DEBUG] modules.sample.sample — [SAMPLE] Wildcard echo: [SAMPLE] Echo #84
[2025-12-24 06:12:01.289] [DEBUG] modules.sample.sample — [SAMPLE] Wildcard echo: [SAMPLE] Echo #111111111aaa84
[2025-12-24 06:12:01.304] [INFO] modules.sample.sample — [SAMPLE] Module received echo request #85: [SAMPLE] Echo #85
[2025-12-24 06:12:01.304] [DEBUG] modules.sample.sample — [SAMPLE] Wildcard echo: [SAMPLE] Echo #85
[2025-12-24 06:12:01.304] [DEBUG] modules.sample.sample — [SAMPLE] Wildcard echo: [SAMPLE] Echo #111111111aaa85
[2025-12-24 06:12:01.319] [INFO] modules.sample.sample — [SAMPLE] Module received echo request #86: [SAMPLE] Echo #86
[2025-12-24 06:12:01.319] [DEBUG] modules.sample.sample — [SAMPLE] Wildcard echo: [SAMPLE] Echo #86
[2025-12-24 06:12:01.319] [DEBUG] modules.sample.sample — [SAMPLE] Wildcard echo: [SAMPLE] Echo #111111111aaa86
[2025-12-24 06:12:01.334] [INFO] modules.sample.sample — [SAMPLE] Module received echo request #87: [SAMPLE] Echo #87
[2025-12-24 06:12:01.334] [DEBUG] modules.sample.sample — [SAMPLE] Wildcard echo: [SAMPLE] Echo #87
[2025-12-24 06:12:01.335] [DEBUG] modules.sample.sample — [SAMPLE] Wildcard echo: [SAMPLE] Echo #111111111aaa87
[2025-12-24 06:12:01.350] [INFO] modules.sample.sample — [SAMPLE] Module received echo request #88: [SAMPLE] Echo #88
[2025-12-24 06:12:01.350] [DEBUG] modules.sample.sample — [SAMPLE] Wildcard echo: [SAMPLE] Echo #88
[2025-12-24 06:12:01.350] [DEBUG] modules.sample.sample — [SAMPLE] Wildcard echo: [SAMPLE] Echo #111111111aaa88
[2025-12-24 06:12:01.365] [INFO] modules.sample.sample — [SAMPLE] Module received echo request #89: [SAMPLE] Echo #89
[2025-12-24 06:12:01.365] [DEBUG] modules.sample.sample — [SAMPLE] Wildcard echo: [SAMPLE] Echo #89
[2025-12-24 06:12:01.366] [DEBUG] modules.sample.sample — [SAMPLE] Wildcard echo: [SAMPLE] Echo #111111111aaa89
[2025-12-24 06:12:01.381] [INFO] modules.sample.sample — [SAMPLE] Module received echo request #90: [SAMPLE] Echo #90
[2025-12-24 06:12:01.381] [DEBUG] modules.sample.sample — [SAMPLE] Wildcard echo: [SAMPLE] Echo #90
[2025-12-24 06:12:01.381] [DEBUG] modules.sample.sample — [SAMPLE] Wildcard echo: [SAMPLE] Echo #111111111aaa90
[2025-12-24 06:12:01.397] [INFO] modules.sample.sample — [SAMPLE] Module received echo request #91: [SAMPLE] Echo #91
[2025-12-24 06:12:01.397] [DEBUG] modules.sample.sample — [SAMPLE] Wildcard echo: [SAMPLE] Echo #91
[2025-12-24 06:12:01.397] [DEBUG] modules.sample.sample — [SAMPLE] Wildcard echo: [SAMPLE] Echo #111111111aaa91
[2025-12-24 06:12:01.413] [INFO] modules.sample.sample — [SAMPLE] Module received echo request #92: [SAMPLE] Echo #92
[2025-12-24 06:12:01.413] [DEBUG] modules.sample.sample — [SAMPLE] Wildcard echo: [SAMPLE] Echo #92
[2025-12-24 06:12:01.413] [DEBUG] modules.sample.sample — [SAMPLE] Wildcard echo: [SAMPLE] Echo #111111111aaa92
[2025-12-24 06:12:01.428] [INFO] modules.sample.sample — [SAMPLE] Module received echo request #93: [SAMPLE] Echo #93
[2025-12-24 06:12:01.429] [DEBUG] modules.sample.sample — [SAMPLE] Wildcard echo: [SAMPLE] Echo #93
[2025-12-24 06:12:01.429] [DEBUG] modules.sample.sample — [SAMPLE] Wildcard echo: [SAMPLE] Echo #111111111aaa93
[2025-12-24 06:12:01.445] [INFO] modules.sample.sample — [SAMPLE] Module received echo request #94: [SAMPLE] Echo #94
[2025-12-24 06:12:01.445] [DEBUG] modules.sample.sample — [SAMPLE] Wildcard echo: [SAMPLE] Echo #94
[2025-12-24 06:12:01.445] [DEBUG] modules.sample.sample — [SAMPLE] Wildcard echo: [SAMPLE] Echo #111111111aaa94
[2025-12-24 06:12:01.460] [INFO] modules.sample.sample — [SAMPLE] Module received echo request #95: [SAMPLE] Echo #95
[2025-12-24 06:12:01.460] [DEBUG] modules.sample.sample — [SAMPLE] Wildcard echo: [SAMPLE] Echo #95
[2025-12-24 06:12:01.461] [DEBUG] modules.sample.sample — [SAMPLE] Wildcard echo: [SAMPLE] Echo #111111111aaa95
[2025-12-24 06:12:01.475] [INFO] modules.sample.sample — [SAMPLE] Module received echo request #96: [SAMPLE] Echo #96
[2025-12-24 06:12:01.475] [DEBUG] modules.sample.sample — [SAMPLE] Wildcard echo: [SAMPLE] Echo #96
[2025-12-24 06:12:01.475] [DEBUG] modules.sample.sample — [SAMPLE] Wildcard echo: [SAMPLE] Echo #111111111aaa96
[2025-12-24 06:12:01.491] [INFO] modules.sample.sample — [SAMPLE] Module received echo request #97: [SAMPLE] Echo #97
[2025-12-24 06:12:01.491] [DEBUG] modules.sample.sample — [SAMPLE] Wildcard echo: [SAMPLE] Echo #97
[2025-12-24 06:12:01.491] [DEBUG] modules.sample.sample — [SAMPLE] Wildcard echo: [SAMPLE] Echo #111111111aaa97
[2025-12-24 06:12:01.506] [INFO] modules.sample.sample — [SAMPLE] Module received echo request #98: [SAMPLE] Echo #98
[2025-12-24 06:12:01.506] [DEBUG] modules.sample.sample — [SAMPLE] Wildcard echo: [SAMPLE] Echo #98
[2025-12-24 06:12:01.507] [DEBUG] modules.sample.sample — [SAMPLE] Wildcard echo: [SAMPLE] Echo #111111111aaa98
[2025-12-24 06:12:01.523] [INFO] modules.sample.sample — [SAMPLE] Module received echo request #99: [SAMPLE] Echo #99
[2025-12-24 06:12:01.523] [DEBUG] modules.sample.sample — [SAMPLE] Wildcard echo: [SAMPLE] Echo #99
[2025-12-24 06:12:01.523] [DEBUG] modules.sample.sample — [SAMPLE] Wildcard echo: [SAMPLE] Echo #111111111aaa99
[2025-12-24 06:12:01.537] [INFO] modules.sample.sample — [SAMPLE] Module received echo request #100: [SAMPLE] Echo #100
[2025-12-24 06:12:01.538] [DEBUG] modules.sample.sample — [SAMPLE] Wildcard echo: [SAMPLE] Echo #100
[2025-12-24 06:12:01.538] [DEBUG] modules.sample.sample — [SAMPLE] Wildcard echo: [SAMPLE] Echo #111111111aaa100
[2025-12-24 06:12:01.553] [INFO] modules.sample.sample — [SAMPLE] Module received echo request #101: [SAMPLE] Echo #101
[2025-12-24 06:12:01.554] [DEBUG] modules.sample.sample — [SAMPLE] Wildcard echo: [SAMPLE] Echo #101
[2025-12-24 06:12:01.554] [DEBUG] modules.sample.sample — [SAMPLE] Wildcard echo: [SAMPLE] Echo #111111111aaa101
[2025-12-24 06:12:01.569] [INFO] modules.sample.sample — [SAMPLE] Module received echo request #102: [SAMPLE] Echo #102
[2025-12-24 06:12:01.570] [DEBUG] modules.sample.sample — [SAMPLE] Wildcard echo: [SAMPLE] Echo #102
[2025-12-24 06:12:01.570] [DEBUG] modules.sample.sample — [SAMPLE] Wildcard echo: [SAMPLE] Echo #111111111aaa102
[2025-12-24 06:12:01.586] [INFO] modules.sample.sample — [SAMPLE] Module received echo request #103: [SAMPLE] Echo #103
[2025-12-24 06:12:01.586] [DEBUG] modules.sample.sample — [SAMPLE] Wildcard echo: [SAMPLE] Echo #103
[2025-12-24 06:12:01.586] [DEBUG] modules.sample.sample — [SAMPLE] Wildcard echo: [SAMPLE] Echo #111111111aaa103
[2025-12-24 06:12:01.601] [INFO] modules.sample.sample — [SAMPLE] Module received echo request #104: [SAMPLE] Echo #104
[2025-12-24 06:12:01.601] [DEBUG] modules.sample.sample — [SAMPLE] Wildcard echo: [SAMPLE] Echo #104
[2025-12-24 06:12:01.601] [DEBUG] modules.sample.sample — [SAMPLE] Wildcard echo: [SAMPLE] Echo #111111111aaa104
[2025-12-24 06:12:01.616] [INFO] modules.sample.sample — [SAMPLE] Module received echo request #105: [SAMPLE] Echo #105
[2025-12-24 06:12:01.616] [DEBUG] modules.sample.sample — [SAMPLE] Wildcard echo: [SAMPLE] Echo #105
[2025-12-24 06:12:01.616] [DEBUG] modules.sample.sample — [SAMPLE] Wildcard echo: [SAMPLE] Echo #111111111aaa105
[2025-12-24 06:12:01.632] [INFO] modules.sample.sample — [SAMPLE] Module received echo request #106: [SAMPLE] Echo #106
[2025-12-24 06:12:01.632] [DEBUG] modules.sample.sample — [SAMPLE] Wildcard echo: [SAMPLE] Echo #106
[2025-12-24 06:12:01.632] [DEBUG] modules.sample.sample — [SAMPLE] Wildcard echo: [SAMPLE] Echo #111111111aaa106
[2025-12-24 06:12:01.647] [INFO] modules.sample.sample — [SAMPLE] Module received echo request #107: [SAMPLE] Echo #107
[2025-12-24 06:12:01.647] [DEBUG] modules.sample.sample — [SAMPLE] Wildcard echo: [SAMPLE] Echo #107
[2025-12-24 06:12:01.647] [DEBUG] modules.sample.sample — [SAMPLE] Wildcard echo: [SAMPLE] Echo #111111111aaa107
[2025-12-24 06:12:01.663] [INFO] modules.sample.sample — [SAMPLE] Module received echo request #108: [SAMPLE] Echo #108
[2025-12-24 06:12:01.663] [DEBUG] modules.sample.sample — [SAMPLE] Wildcard echo: [SAMPLE] Echo #108
[2025-12-24 06:12:01.663] [DEBUG] modules.sample.sample — [SAMPLE] Wildcard echo: [SAMPLE] Echo #111111111aaa108
[2025-12-24 06:12:01.677] [INFO] modules.sample.sample — [SAMPLE] Module received echo request #109: [SAMPLE] Echo #109
[2025-12-24 06:12:01.678] [DEBUG] modules.sample.sample — [SAMPLE] Wildcard echo: [SAMPLE] Echo #109
[2025-12-24 06:12:01.678] [DEBUG] modules.sample.sample — [SAMPLE] Wildcard echo: [SAMPLE] Echo #111111111aaa109
[2025-12-24 06:12:01.693] [INFO] modules.sample.sample — [SAMPLE] Module received echo request #110: [SAMPLE] Echo #110
[2025-12-24 06:12:01.693] [DEBUG] modules.sample.sample — [SAMPLE] Wildcard echo: [SAMPLE] Echo #110
[2025-12-24 06:12:01.694] [DEBUG] modules.sample.sample — [SAMPLE] Wildcard echo: [SAMPLE] Echo #111111111aaa110
[2025-12-24 06:12:01.708] [INFO] modules.sample.sample — [SAMPLE] Module received echo request #111: [SAMPLE] Echo #111
[2025-12-24 06:12:01.709] [DEBUG] modules.sample.sample — [SAMPLE] Wildcard echo: [SAMPLE] Echo #111
[2025-12-24 06:12:01.709] [DEBUG] modules.sample.sample — [SAMPLE] Wildcard echo: [SAMPLE] Echo #111111111aaa111
[2025-12-24 06:12:01.724] [INFO] modules.sample.sample — [SAMPLE] Module received echo request #112: [SAMPLE] Echo #112
[2025-12-24 06:12:01.725] [DEBUG] modules.sample.sample — [SAMPLE] Wildcard echo: [SAMPLE] Echo #112
[2025-12-24 06:12:01.725] [DEBUG] modules.sample.sample — [SAMPLE] Wildcard echo: [SAMPLE] Echo #111111111aaa112
[2025-12-24 06:12:01.740] [INFO] modules.sample.sample — [SAMPLE] Module received echo request #113: [SAMPLE] Echo #113
[2025-12-24 06:12:01.740] [DEBUG] modules.sample.sample — [SAMPLE] Wildcard echo: [SAMPLE] Echo #113
[2025-12-24 06:12:01.740] [DEBUG] modules.sample.sample — [SAMPLE] Wildcard echo: [SAMPLE] Echo #111111111aaa113
[2025-12-24 06:12:01.755] [INFO] modules.sample.sample — [SAMPLE] Module received echo request #114: [SAMPLE] Echo #114
[2025-12-24 06:12:01.755] [DEBUG] modules.sample.sample — [SAMPLE] Wildcard echo: [SAMPLE] Echo #114
[2025-12-24 06:12:01.756] [DEBUG] modules.sample.sample — [SAMPLE] Wildcard echo: [SAMPLE] Echo #111111111aaa114
[2025-12-24 06:12:01.771] [INFO] modules.sample.sample — [SAMPLE] Module received echo request #115: [SAMPLE] Echo #115
[2025-12-24 06:12:01.771] [DEBUG] modules.sample.sample — [SAMPLE] Wildcard echo: [SAMPLE] Echo #115
[2025-12-24 06:12:01.772] [DEBUG] modules.sample.sample — [SAMPLE] Wildcard echo: [SAMPLE] Echo #111111111aaa115
[2025-12-24 06:12:01.786] [INFO] modules.sample.sample — [SAMPLE] Module received echo request #116: [SAMPLE] Echo #116
[2025-12-24 06:12:01.787] [DEBUG] modules.sample.sample — [SAMPLE] Wildcard echo: [SAMPLE] Echo #116
[2025-12-24 06:12:01.787] [DEBUG] modules.sample.sample — [SAMPLE] Wildcard echo: [SAMPLE] Echo #111111111aaa116
[2025-12-24 06:12:01.802] [INFO] modules.sample.sample — [SAMPLE] Module received echo request #117: [SAMPLE] Echo #117
[2025-12-24 06:12:01.802] [DEBUG] modules.sample.sample — [SAMPLE] Wildcard echo: [SAMPLE] Echo #117
[2025-12-24 06:12:01.802] [DEBUG] modules.sample.sample — [SAMPLE] Wildcard echo: [SAMPLE] Echo #111111111aaa117
[2025-12-24 06:12:01.817] [INFO] modules.sample.sample — [SAMPLE] Module received echo request #118: [SAMPLE] Echo #118
[2025-12-24 06:12:01.826] [DEBUG] modules.sample.sample — [SAMPLE] Wildcard echo: [SAMPLE] Echo #118
[2025-12-24 06:12:01.826] [DEBUG] modules.sample.sample — [SAMPLE] Wildcard echo: [SAMPLE] Echo #111111111aaa118
[2025-12-24 06:12:01.832] [INFO] modules.sample.sample — [SAMPLE] Module received echo request #119: [SAMPLE] Echo #119
[2025-12-24 06:12:01.832] [DEBUG] modules.sample.sample — [SAMPLE] Wildcard echo: [SAMPLE] Echo #119
[2025-12-24 06:12:01.832] [DEBUG] modules.sample.sample — [SAMPLE] Wildcard echo: [SAMPLE] Echo #111111111aaa119
[2025-12-24 06:12:01.847] [INFO] modules.sample.sample — [SAMPLE] Module received echo request #120: [SAMPLE] Echo #120
[2025-12-24 06:12:01.848] [DEBUG] modules.sample.sample — [SAMPLE] Wildcard echo: [SAMPLE] Echo #120
[2025-12-24 06:12:01.848] [DEBUG] modules.sample.sample — [SAMPLE] Wildcard echo: [SAMPLE] Echo #111111111aaa120
[2025-12-24 06:12:01.863] [INFO] modules.sample.sample — [SAMPLE] Module received echo request #121: [SAMPLE] Echo #121
[2025-12-24 06:12:01.864] [DEBUG] modules.sample.sample — [SAMPLE] Wildcard echo: [SAMPLE] Echo #121
[2025-12-24 06:12:01.864] [DEBUG] modules.sample.sample — [SAMPLE] Wildcard echo: [SAMPLE] Echo #111111111aaa121
[2025-12-24 06:12:01.879] [INFO] modules.sample.sample — [SAMPLE] Module received echo request #122: [SAMPLE] Echo #122
[2025-12-24 06:12:01.879] [DEBUG] modules.sample.sample — [SAMPLE] Wildcard echo: [SAMPLE] Echo #122
[2025-12-24 06:12:01.879] [DEBUG] modules.sample.sample — [SAMPLE] Wildcard echo: [SAMPLE] Echo #111111111aaa122
[2025-12-24 06:12:01.895] [INFO] modules.sample.sample — [SAMPLE] Module received echo request #123: [SAMPLE] Echo #123
[2025-12-24 06:12:01.896] [DEBUG] modules.sample.sample — [SAMPLE] Wildcard echo: [SAMPLE] Echo #123
[2025-12-24 06:12:01.896] [DEBUG] modules.sample.sample — [SAMPLE] Wildcard echo: [SAMPLE] Echo #111111111aaa123
[2025-12-24 06:12:01.910] [INFO] modules.sample.sample — [SAMPLE] Module received echo request #124: [SAMPLE] Echo #124
[2025-12-24 06:12:01.911] [DEBUG] modules.sample.sample — [SAMPLE] Wildcard echo: [SAMPLE] Echo #124
[2025-12-24 06:12:01.911] [DEBUG] modules.sample.sample — [SAMPLE] Wildcard echo: [SAMPLE] Echo #111111111aaa124
[2025-12-24 06:12:01.926] [INFO] modules.sample.sample — [SAMPLE] Module received echo request #125: [SAMPLE] Echo #125
[2025-12-24 06:12:01.926] [DEBUG] modules.sample.sample — [SAMPLE] Wildcard echo: [SAMPLE] Echo #125
[2025-12-24 06:12:01.926] [DEBUG] modules.sample.sample — [SAMPLE] Wildcard echo: [SAMPLE] Echo #111111111aaa125
[2025-12-24 06:12:01.942] [INFO] modules.sample.sample — [SAMPLE] Module received echo request #126: [SAMPLE] Echo #126
[2025-12-24 06:12:01.942] [DEBUG] modules.sample.sample — [SAMPLE] Wildcard echo: [SAMPLE] Echo #126
[2025-12-24 06:12:01.942] [DEBUG] modules.sample.sample — [SAMPLE] Wildcard echo: [SAMPLE] Echo #111111111aaa126
[2025-12-24 06:12:01.958] [INFO] modules.sample.sample — [SAMPLE] Module received echo request #127: [SAMPLE] Echo #127
[2025-12-24 06:12:01.958] [DEBUG] modules.sample.sample — [SAMPLE] Wildcard echo: [SAMPLE] Echo #127
[2025-12-24 06:12:01.959] [DEBUG] modules.sample.sample — [SAMPLE] Wildcard echo: [SAMPLE] Echo #111111111aaa127
[2025-12-24 06:12:01.974] [INFO] modules.sample.sample — [SAMPLE] Module received echo request #128: [SAMPLE] Echo #128
[2025-12-24 06:12:01.974] [DEBUG] modules.sample.sample — [SAMPLE] Wildcard echo: [SAMPLE] Echo #128
[2025-12-24 06:12:01.974] [DEBUG] modules.sample.sample — [SAMPLE] Wildcard echo: [SAMPLE] Echo #111111111aaa128
[2025-12-24 06:12:01.989] [INFO] modules.sample.sample — [SAMPLE] Module received echo request #129: [SAMPLE] Echo #129
[2025-12-24 06:12:01.989] [DEBUG] modules.sample.sample — [SAMPLE] Wildcard echo: [SAMPLE] Echo #129
[2025-12-24 06:12:01.989] [DEBUG] modules.sample.sample — [SAMPLE] Wildcard echo: [SAMPLE] Echo #111111111aaa129
[2025-12-24 06:12:02.005] [INFO] modules.sample.sample — [SAMPLE] Module received echo request #130: [SAMPLE] Echo #130
[2025-12-24 06:12:02.005] [DEBUG] modules.sample.sample — [SAMPLE] Wildcard echo: [SAMPLE] Echo #130
[2025-12-24 06:12:02.005] [DEBUG] modules.sample.sample — [SAMPLE] Wildcard echo: [SAMPLE] Echo #111111111aaa130
[2025-12-24 06:12:02.020] [INFO] core.controller — Shutdown signal received. Initiating graceful shutdown...
[2025-12-24 06:12:02.020] [INFO] core.controller — Shutdown initiated. Stopping modules...
[2025-12-24 06:12:02.020] [INFO] core.controller — Stopping all modules...
[2025-12-24 06:12:02.020] [INFO] core.base_module — [SAMPLE] Stopping module...
[2025-12-24 06:12:02.020] [INFO] core.base_module — [SAMPLE] Module run task cancelled
[2025-12-24 06:12:02.020] [INFO] modules.sample.sample — [SAMPLE] Cleaned up after 130 echoes
[2025-12-24 06:12:02.020] [DEBUG] core.message — Removed 2 subscriptions for module 'sample'
[2025-12-24 06:12:02.020] [INFO] core.base_module — [SAMPLE] Module stopped
[2025-12-24 06:12:02.020] [INFO] core.controller — Stopped module: sample
[2025-12-24 06:12:02.020] [INFO] core.controller — Controller stopped
[2025-12-24 06:12:10.612] [DEBUG] asyncio — Using proactor: IocpProactor
[2025-12-24 06:12:10.617] [INFO] core.config_manager — Configuration loaded from config.yml
[2025-12-24 06:12:10.617] [INFO] __main__ — Starting SwarmClone Backend v0.4.0...
[2025-12-24 06:12:10.617] [DEBUG] core.controller — Registered fallback signal handler for 2
[2025-12-24 06:12:10.617] [DEBUG] core.controller — Registered fallback signal handler for 15
[2025-12-24 06:12:10.617] [INFO] core.controller — Controller starting...
[2025-12-24 06:12:10.617] [INFO] core.controller — Scanning for modules in: D:\hmr-BH\Code\Python\SwarmClone\backend\src\modules
[2025-12-24 06:12:10.618] [INFO] core.controller — Loading module 'sample': class=SampleModule, entry=sample.py
[2025-12-24 06:12:10.619] [INFO] core.controller — Successfully loaded module: sample
[2025-12-24 06:12:10.619] [INFO] core.controller — Loaded 1 out of 3 module directories
[2025-12-24 06:12:10.619] [INFO] core.controller — Initializing 1 modules...
[2025-12-24 06:12:10.619] [DEBUG] core.config_manager — Module sample subscribed to event sample.config_item_1_test01
[2025-12-24 06:12:10.619] [DEBUG] core.config_manager — Module sample subscribed to event sample.config_item_2_test02
[2025-12-24 06:12:10.619] [DEBUG] core.config_manager — Module sample subscribed to event sample.config_item_2_test03
[2025-12-24 06:12:10.619] [DEBUG] core.message — Module 'sample' subscribed to topic 'echo.request'
[2025-12-24 06:12:10.619] [DEBUG] core.message — Module 'sample' subscribed to topic 'echo.*'
[2025-12-24 06:12:10.619] [INFO] modules.sample.sample — [SAMPLE] Module Pre-initialized
[2025-12-24 06:12:10.619] [INFO] core.controller — Initialized module: sample
[2025-12-24 06:12:10.619] [INFO] core.controller — Starting enabled modules...
[2025-12-24 06:12:10.619] [INFO] core.base_module — [SAMPLE] Module started
[2025-12-24 06:12:10.619] [INFO] core.controller — Started module: sample
[2025-12-24 06:12:10.619] [INFO] core.controller — Started 1 modules
[2025-12-24 06:12:10.619] [INFO] core.controller — Controller running with 1 enabled modules
[2025-12-24 06:12:10.619] [INFO] core.controller — Press Ctrl+C to shutdown
[2025-12-24 06:12:10.620] [INFO] modules.sample.sample — [SAMPLE] Echo module running
[2025-12-24 06:12:10.620] [INFO] modules.sample.sample — [SAMPLE] Module received echo request #1: [SAMPLE] Echo #1
[2025-12-24 06:12:10.620] [DEBUG] modules.sample.sample — [SAMPLE] Wildcard echo: [SAMPLE] Echo #1
[2025-12-24 06:12:10.620] [DEBUG] modules.sample.sample — [SAMPLE] Wildcard echo: [SAMPLE] Echo #111111111aaa1
[2025-12-24 06:12:10.624] [INFO] modules.sample.sample — [SAMPLE] Module received echo request #2: [SAMPLE] Echo #2
[2025-12-24 06:12:10.624] [DEBUG] modules.sample.sample — [SAMPLE] Wildcard echo: [SAMPLE] Echo #2
[2025-12-24 06:12:10.624] [DEBUG] modules.sample.sample — [SAMPLE] Wildcard echo: [SAMPLE] Echo #111111111aaa2
[2025-12-24 06:12:10.640] [INFO] modules.sample.sample — [SAMPLE] Module received echo request #3: [SAMPLE] Echo #3
[2025-12-24 06:12:10.640] [DEBUG] modules.sample.sample — [SAMPLE] Wildcard echo: [SAMPLE] Echo #3
[2025-12-24 06:12:10.640] [DEBUG] modules.sample.sample — [SAMPLE] Wildcard echo: [SAMPLE] Echo #111111111aaa3
[2025-12-24 06:12:10.655] [INFO] modules.sample.sample — [SAMPLE] Module received echo request #4: [SAMPLE] Echo #4
[2025-12-24 06:12:10.655] [DEBUG] modules.sample.sample — [SAMPLE] Wildcard echo: [SAMPLE] Echo #4
[2025-12-24 06:12:10.655] [DEBUG] modules.sample.sample — [SAMPLE] Wildcard echo: [SAMPLE] Echo #111111111aaa4
[2025-12-24 06:12:10.671] [INFO] modules.sample.sample — [SAMPLE] Module received echo request #5: [SAMPLE] Echo #5
[2025-12-24 06:12:10.671] [DEBUG] modules.sample.sample — [SAMPLE] Wildcard echo: [SAMPLE] Echo #5
[2025-12-24 06:12:10.671] [DEBUG] modules.sample.sample — [SAMPLE] Wildcard echo: [SAMPLE] Echo #111111111aaa5
[2025-12-24 06:12:10.687] [INFO] modules.sample.sample — [SAMPLE] Module received echo request #6: [SAMPLE] Echo #6
[2025-12-24 06:12:10.687] [DEBUG] modules.sample.sample — [SAMPLE] Wildcard echo: [SAMPLE] Echo #6
[2025-12-24 06:12:10.687] [DEBUG] modules.sample.sample — [SAMPLE] Wildcard echo: [SAMPLE] Echo #111111111aaa6
[2025-12-24 06:12:10.702] [INFO] modules.sample.sample — [SAMPLE] Module received echo request #7: [SAMPLE] Echo #7
[2025-12-24 06:12:10.702] [DEBUG] modules.sample.sample — [SAMPLE] Wildcard echo: [SAMPLE] Echo #7
[2025-12-24 06:12:10.702] [DEBUG] modules.sample.sample — [SAMPLE] Wildcard echo: [SAMPLE] Echo #111111111aaa7
[2025-12-24 06:12:10.718] [INFO] modules.sample.sample — [SAMPLE] Module received echo request #8: [SAMPLE] Echo #8
[2025-12-24 06:12:10.718] [DEBUG] modules.sample.sample — [SAMPLE] Wildcard echo: [SAMPLE] Echo #8
[2025-12-24 06:12:10.718] [DEBUG] modules.sample.sample — [SAMPLE] Wildcard echo: [SAMPLE] Echo #111111111aaa8
[2025-12-24 06:12:10.733] [INFO] modules.sample.sample — [SAMPLE] Module received echo request #9: [SAMPLE] Echo #9
[2025-12-24 06:12:10.733] [DEBUG] modules.sample.sample — [SAMPLE] Wildcard echo: [SAMPLE] Echo #9
[2025-12-24 06:12:10.733] [DEBUG] modules.sample.sample — [SAMPLE] Wildcard echo: [SAMPLE] Echo #111111111aaa9
[2025-12-24 06:12:10.749] [INFO] modules.sample.sample — [SAMPLE] Module received echo request #10: [SAMPLE] Echo #10
[2025-12-24 06:12:10.749] [DEBUG] modules.sample.sample — [SAMPLE] Wildcard echo: [SAMPLE] Echo #10
[2025-12-24 06:12:10.749] [DEBUG] modules.sample.sample — [SAMPLE] Wildcard echo: [SAMPLE] Echo #111111111aaa10
[2025-12-24 06:12:10.764] [INFO] modules.sample.sample — [SAMPLE] Module received echo request #11: [SAMPLE] Echo #11
[2025-12-24 06:12:10.764] [DEBUG] modules.sample.sample — [SAMPLE] Wildcard echo: [SAMPLE] Echo #11
[2025-12-24 06:12:10.764] [DEBUG] modules.sample.sample — [SAMPLE] Wildcard echo: [SAMPLE] Echo #111111111aaa11
[2025-12-24 06:12:10.779] [INFO] modules.sample.sample — [SAMPLE] Module received echo request #12: [SAMPLE] Echo #12
[2025-12-24 06:12:10.779] [DEBUG] modules.sample.sample — [SAMPLE] Wildcard echo: [SAMPLE] Echo #12
[2025-12-24 06:12:10.779] [DEBUG] modules.sample.sample — [SAMPLE] Wildcard echo: [SAMPLE] Echo #111111111aaa12
[2025-12-24 06:12:10.795] [INFO] modules.sample.sample — [SAMPLE] Module received echo request #13: [SAMPLE] Echo #13
[2025-12-24 06:12:10.795] [DEBUG] modules.sample.sample — [SAMPLE] Wildcard echo: [SAMPLE] Echo #13
[2025-12-24 06:12:10.795] [DEBUG] modules.sample.sample — [SAMPLE] Wildcard echo: [SAMPLE] Echo #111111111aaa13
[2025-12-24 06:12:10.810] [INFO] modules.sample.sample — [SAMPLE] Module received echo request #14: [SAMPLE] Echo #14
[2025-12-24 06:12:10.810] [DEBUG] modules.sample.sample — [SAMPLE] Wildcard echo: [SAMPLE] Echo #14
[2025-12-24 06:12:10.810] [DEBUG] modules.sample.sample — [SAMPLE] Wildcard echo: [SAMPLE] Echo #111111111aaa14
[2025-12-24 06:12:10.826] [INFO] modules.sample.sample — [SAMPLE] Module received echo request #15: [SAMPLE] Echo #15
[2025-12-24 06:12:10.826] [DEBUG] modules.sample.sample — [SAMPLE] Wildcard echo: [SAMPLE] Echo #15
[2025-12-24 06:12:10.826] [DEBUG] modules.sample.sample — [SAMPLE] Wildcard echo: [SAMPLE] Echo #111111111aaa15
[2025-12-24 06:12:10.841] [INFO] modules.sample.sample — [SAMPLE] Module received echo request #16: [SAMPLE] Echo #16
[2025-12-24 06:12:10.841] [DEBUG] modules.sample.sample — [SAMPLE] Wildcard echo: [SAMPLE] Echo #16
[2025-12-24 06:12:10.842] [DEBUG] modules.sample.sample — [SAMPLE] Wildcard echo: [SAMPLE] Echo #111111111aaa16
[2025-12-24 06:12:10.857] [INFO] modules.sample.sample — [SAMPLE] Module received echo request #17: [SAMPLE] Echo #17
[2025-12-24 06:12:10.857] [DEBUG] modules.sample.sample — [SAMPLE] Wildcard echo: [SAMPLE] Echo #17
[2025-12-24 06:12:10.857] [DEBUG] modules.sample.sample — [SAMPLE] Wildcard echo: [SAMPLE] Echo #111111111aaa17
[2025-12-24 06:12:10.873] [INFO] modules.sample.sample — [SAMPLE] Module received echo request #18: [SAMPLE] Echo #18
[2025-12-24 06:12:10.873] [DEBUG] modules.sample.sample — [SAMPLE] Wildcard echo: [SAMPLE] Echo #18
[2025-12-24 06:12:10.873] [DEBUG] modules.sample.sample — [SAMPLE] Wildcard echo: [SAMPLE] Echo #111111111aaa18
[2025-12-24 06:12:10.888] [INFO] modules.sample.sample — [SAMPLE] Module received echo request #19: [SAMPLE] Echo #19
[2025-12-24 06:12:10.888] [DEBUG] modules.sample.sample — [SAMPLE] Wildcard echo: [SAMPLE] Echo #19
[2025-12-24 06:12:10.889] [DEBUG] modules.sample.sample — [SAMPLE] Wildcard echo: [SAMPLE] Echo #111111111aaa19
[2025-12-24 06:12:10.904] [INFO] modules.sample.sample — [SAMPLE] Module received echo request #20: [SAMPLE] Echo #20
[2025-12-24 06:12:10.904] [DEBUG] modules.sample.sample — [SAMPLE] Wildcard echo: [SAMPLE] Echo #20
[2025-12-24 06:12:10.904] [DEBUG] modules.sample.sample — [SAMPLE] Wildcard echo: [SAMPLE] Echo #111111111aaa20
[2025-12-24 06:12:10.919] [INFO] modules.sample.sample — [SAMPLE] Module received echo request #21: [SAMPLE] Echo #21
[2025-12-24 06:12:10.919] [DEBUG] modules.sample.sample — [SAMPLE] Wildcard echo: [SAMPLE] Echo #21
[2025-12-24 06:12:10.919] [DEBUG] modules.sample.sample — [SAMPLE] Wildcard echo: [SAMPLE] Echo #111111111aaa21
[2025-12-24 06:12:10.934] [INFO] modules.sample.sample — [SAMPLE] Module received echo request #22: [SAMPLE] Echo #22
[2025-12-24 06:12:10.935] [DEBUG] modules.sample.sample — [SAMPLE] Wildcard echo: [SAMPLE] Echo #22
[2025-12-24 06:12:10.935] [DEBUG] modules.sample.sample — [SAMPLE] Wildcard echo: [SAMPLE] Echo #111111111aaa22
[2025-12-24 06:12:10.950] [INFO] modules.sample.sample — [SAMPLE] Module received echo request #23: [SAMPLE] Echo #23
[2025-12-24 06:12:10.950] [DEBUG] modules.sample.sample — [SAMPLE] Wildcard echo: [SAMPLE] Echo #23
[2025-12-24 06:12:10.951] [DEBUG] modules.sample.sample — [SAMPLE] Wildcard echo: [SAMPLE] Echo #111111111aaa23
[2025-12-24 06:12:10.966] [INFO] modules.sample.sample — [SAMPLE] Module received echo request #24: [SAMPLE] Echo #24
[2025-12-24 06:12:10.966] [DEBUG] modules.sample.sample — [SAMPLE] Wildcard echo: [SAMPLE] Echo #24
[2025-12-24 06:12:10.966] [DEBUG] modules.sample.sample — [SAMPLE] Wildcard echo: [SAMPLE] Echo #111111111aaa24
[2025-12-24 06:12:10.982] [INFO] modules.sample.sample — [SAMPLE] Module received echo request #25: [SAMPLE] Echo #25
[2025-12-24 06:12:10.982] [DEBUG] modules.sample.sample — [SAMPLE] Wildcard echo: [SAMPLE] Echo #25
[2025-12-24 06:12:10.982] [DEBUG] modules.sample.sample — [SAMPLE] Wildcard echo: [SAMPLE] Echo #111111111aaa25
[2025-12-24 06:12:10.997] [INFO] modules.sample.sample — [SAMPLE] Module received echo request #26: [SAMPLE] Echo #26
[2025-12-24 06:12:10.997] [DEBUG] modules.sample.sample — [SAMPLE] Wildcard echo: [SAMPLE] Echo #26
[2025-12-24 06:12:10.997] [DEBUG] modules.sample.sample — [SAMPLE] Wildcard echo: [SAMPLE] Echo #111111111aaa26
[2025-12-24 06:12:11.012] [INFO] modules.sample.sample — [SAMPLE] Module received echo request #27: [SAMPLE] Echo #27
[2025-12-24 06:12:11.013] [DEBUG] modules.sample.sample — [SAMPLE] Wildcard echo: [SAMPLE] Echo #27
[2025-12-24 06:12:11.013] [DEBUG] modules.sample.sample — [SAMPLE] Wildcard echo: [SAMPLE] Echo #111111111aaa27
[2025-12-24 06:12:11.028] [INFO] modules.sample.sample — [SAMPLE] Module received echo request #28: [SAMPLE] Echo #28
[2025-12-24 06:12:11.028] [DEBUG] modules.sample.sample — [SAMPLE] Wildcard echo: [SAMPLE] Echo #28
[2025-12-24 06:12:11.028] [DEBUG] modules.sample.sample — [SAMPLE] Wildcard echo: [SAMPLE] Echo #111111111aaa28
[2025-12-24 06:12:11.044] [INFO] modules.sample.sample — [SAMPLE] Module received echo request #29: [SAMPLE] Echo #29
[2025-12-24 06:12:11.044] [DEBUG] modules.sample.sample — [SAMPLE] Wildcard echo: [SAMPLE] Echo #29
[2025-12-24 06:12:11.044] [DEBUG] modules.sample.sample — [SAMPLE] Wildcard echo: [SAMPLE] Echo #111111111aaa29
[2025-12-24 06:12:11.060] [INFO] modules.sample.sample — [SAMPLE] Module received echo request #30: [SAMPLE] Echo #30
[2025-12-24 06:12:11.060] [DEBUG] modules.sample.sample — [SAMPLE] Wildcard echo: [SAMPLE] Echo #30
[2025-12-24 06:12:11.060] [DEBUG] modules.sample.sample — [SAMPLE] Wildcard echo: [SAMPLE] Echo #111111111aaa30
[2025-12-24 06:12:11.075] [INFO] modules.sample.sample — [SAMPLE] Module received echo request #31: [SAMPLE] Echo #31
[2025-12-24 06:12:11.075] [DEBUG] modules.sample.sample — [SAMPLE] Wildcard echo: [SAMPLE] Echo #31
[2025-12-24 06:12:11.075] [DEBUG] modules.sample.sample — [SAMPLE] Wildcard echo: [SAMPLE] Echo #111111111aaa31
[2025-12-24 06:12:11.091] [INFO] modules.sample.sample — [SAMPLE] Module received echo request #32: [SAMPLE] Echo #32
[2025-12-24 06:12:11.091] [DEBUG] modules.sample.sample — [SAMPLE] Wildcard echo: [SAMPLE] Echo #32
[2025-12-24 06:12:11.091] [DEBUG] modules.sample.sample — [SAMPLE] Wildcard echo: [SAMPLE] Echo #111111111aaa32
[2025-12-24 06:12:11.107] [INFO] modules.sample.sample — [SAMPLE] Module received echo request #33: [SAMPLE] Echo #33
[2025-12-24 06:12:11.107] [DEBUG] modules.sample.sample — [SAMPLE] Wildcard echo: [SAMPLE] Echo #33
[2025-12-24 06:12:11.107] [DEBUG] modules.sample.sample — [SAMPLE] Wildcard echo: [SAMPLE] Echo #111111111aaa33
[2025-12-24 06:12:11.122] [INFO] modules.sample.sample — [SAMPLE] Module received echo request #34: [SAMPLE] Echo #34
[2025-12-24 06:12:11.123] [DEBUG] modules.sample.sample — [SAMPLE] Wildcard echo: [SAMPLE] Echo #34
[2025-12-24 06:12:11.123] [DEBUG] modules.sample.sample — [SAMPLE] Wildcard echo: [SAMPLE] Echo #111111111aaa34
[2025-12-24 06:12:11.139] [INFO] modules.sample.sample — [SAMPLE] Module received echo request #35: [SAMPLE] Echo #35
[2025-12-24 06:12:11.139] [DEBUG] modules.sample.sample — [SAMPLE] Wildcard echo: [SAMPLE] Echo #35
[2025-12-24 06:12:11.139] [DEBUG] modules.sample.sample — [SAMPLE] Wildcard echo: [SAMPLE] Echo #111111111aaa35
[2025-12-24 06:12:11.154] [INFO] modules.sample.sample — [SAMPLE] Module received echo request #36: [SAMPLE] Echo #36
[2025-12-24 06:12:11.154] [DEBUG] modules.sample.sample — [SAMPLE] Wildcard echo: [SAMPLE] Echo #36
[2025-12-24 06:12:11.154] [DEBUG] modules.sample.sample — [SAMPLE] Wildcard echo: [SAMPLE] Echo #111111111aaa36
[2025-12-24 06:12:11.170] [INFO] modules.sample.sample — [SAMPLE] Module received echo request #37: [SAMPLE] Echo #37
[2025-12-24 06:12:11.170] [DEBUG] modules.sample.sample — [SAMPLE] Wildcard echo: [SAMPLE] Echo #37
[2025-12-24 06:12:11.170] [DEBUG] modules.sample.sample — [SAMPLE] Wildcard echo: [SAMPLE] Echo #111111111aaa37
[2025-12-24 06:12:11.185] [INFO] modules.sample.sample — [SAMPLE] Module received echo request #38: [SAMPLE] Echo #38
[2025-12-24 06:12:11.185] [DEBUG] modules.sample.sample — [SAMPLE] Wildcard echo: [SAMPLE] Echo #38
[2025-12-24 06:12:11.186] [DEBUG] modules.sample.sample — [SAMPLE] Wildcard echo: [SAMPLE] Echo #111111111aaa38
[2025-12-24 06:12:11.201] [INFO] modules.sample.sample — [SAMPLE] Module received echo request #39: [SAMPLE] Echo #39
[2025-12-24 06:12:11.201] [DEBUG] modules.sample.sample — [SAMPLE] Wildcard echo: [SAMPLE] Echo #39
[2025-12-24 06:12:11.201] [DEBUG] modules.sample.sample — [SAMPLE] Wildcard echo: [SAMPLE] Echo #111111111aaa39
[2025-12-24 06:12:11.216] [INFO] modules.sample.sample — [SAMPLE] Module received echo request #40: [SAMPLE] Echo #40
[2025-12-24 06:12:11.216] [DEBUG] modules.sample.sample — [SAMPLE] Wildcard echo: [SAMPLE] Echo #40
[2025-12-24 06:12:11.217] [DEBUG] modules.sample.sample — [SAMPLE] Wildcard echo: [SAMPLE] Echo #111111111aaa40
[2025-12-24 06:12:11.232] [INFO] modules.sample.sample — [SAMPLE] Module received echo request #41: [SAMPLE] Echo #41
[2025-12-24 06:12:11.232] [DEBUG] modules.sample.sample — [SAMPLE] Wildcard echo: [SAMPLE] Echo #41
[2025-12-24 06:12:11.232] [DEBUG] modules.sample.sample — [SAMPLE] Wildcard echo: [SAMPLE] Echo #111111111aaa41
[2025-12-24 06:12:11.247] [INFO] modules.sample.sample — [SAMPLE] Module received echo request #42: [SAMPLE] Echo #42
[2025-12-24 06:12:11.247] [DEBUG] modules.sample.sample — [SAMPLE] Wildcard echo: [SAMPLE] Echo #42
[2025-12-24 06:12:11.247] [DEBUG] modules.sample.sample — [SAMPLE] Wildcard echo: [SAMPLE] Echo #111111111aaa42
[2025-12-24 06:12:11.262] [INFO] modules.sample.sample — [SAMPLE] Module received echo request #43: [SAMPLE] Echo #43
[2025-12-24 06:12:11.262] [DEBUG] modules.sample.sample — [SAMPLE] Wildcard echo: [SAMPLE] Echo #43
[2025-12-24 06:12:11.263] [DEBUG] modules.sample.sample — [SAMPLE] Wildcard echo: [SAMPLE] Echo #111111111aaa43
[2025-12-24 06:12:11.278] [INFO] modules.sample.sample — [SAMPLE] Module received echo request #44: [SAMPLE] Echo #44
[2025-12-24 06:12:11.278] [DEBUG] modules.sample.sample — [SAMPLE] Wildcard echo: [SAMPLE] Echo #44
[2025-12-24 06:12:11.278] [DEBUG] modules.sample.sample — [SAMPLE] Wildcard echo: [SAMPLE] Echo #111111111aaa44
[2025-12-24 06:12:11.293] [INFO] modules.sample.sample — [SAMPLE] Module received echo request #45: [SAMPLE] Echo #45
[2025-12-24 06:12:11.293] [DEBUG] modules.sample.sample — [SAMPLE] Wildcard echo: [SAMPLE] Echo #45
[2025-12-24 06:12:11.294] [DEBUG] modules.sample.sample — [SAMPLE] Wildcard echo: [SAMPLE] Echo #111111111aaa45
[2025-12-24 06:12:11.309] [INFO] modules.sample.sample — [SAMPLE] Module received echo request #46: [SAMPLE] Echo #46
[2025-12-24 06:12:11.309] [DEBUG] modules.sample.sample — [SAMPLE] Wildcard echo: [SAMPLE] Echo #46
[2025-12-24 06:12:11.309] [DEBUG] modules.sample.sample — [SAMPLE] Wildcard echo: [SAMPLE] Echo #111111111aaa46
[2025-12-24 06:12:11.324] [INFO] modules.sample.sample — [SAMPLE] Module received echo request #47: [SAMPLE] Echo #47
[2025-12-24 06:12:11.324] [DEBUG] modules.sample.sample — [SAMPLE] Wildcard echo: [SAMPLE] Echo #47
[2025-12-24 06:12:11.325] [DEBUG] modules.sample.sample — [SAMPLE] Wildcard echo: [SAMPLE] Echo #111111111aaa47
[2025-12-24 06:12:11.340] [INFO] modules.sample.sample — [SAMPLE] Module received echo request #48: [SAMPLE] Echo #48
[2025-12-24 06:12:11.340] [DEBUG] modules.sample.sample — [SAMPLE] Wildcard echo: [SAMPLE] Echo #48
[2025-12-24 06:12:11.340] [DEBUG] modules.sample.sample — [SAMPLE] Wildcard echo: [SAMPLE] Echo #111111111aaa48
[2025-12-24 06:12:11.355] [INFO] modules.sample.sample — [SAMPLE] Module received echo request #49: [SAMPLE] Echo #49
[2025-12-24 06:12:11.355] [DEBUG] modules.sample.sample — [SAMPLE] Wildcard echo: [SAMPLE] Echo #49
[2025-12-24 06:12:11.356] [DEBUG] modules.sample.sample — [SAMPLE] Wildcard echo: [SAMPLE] Echo #111111111aaa49
[2025-12-24 06:12:11.371] [INFO] modules.sample.sample — [SAMPLE] Module received echo request #50: [SAMPLE] Echo #50
[2025-12-24 06:12:11.371] [DEBUG] modules.sample.sample — [SAMPLE] Wildcard echo: [SAMPLE] Echo #50
[2025-12-24 06:12:11.371] [DEBUG] modules.sample.sample — [SAMPLE] Wildcard echo: [SAMPLE] Echo #111111111aaa50
[2025-12-24 06:12:11.387] [INFO] modules.sample.sample — [SAMPLE] Module received echo request #51: [SAMPLE] Echo #51
[2025-12-24 06:12:11.387] [DEBUG] modules.sample.sample — [SAMPLE] Wildcard echo: [SAMPLE] Echo #51
[2025-12-24 06:12:11.387] [DEBUG] modules.sample.sample — [SAMPLE] Wildcard echo: [SAMPLE] Echo #111111111aaa51
[2025-12-24 06:12:11.402] [INFO] modules.sample.sample — [SAMPLE] Module received echo request #52: [SAMPLE] Echo #52
[2025-12-24 06:12:11.402] [DEBUG] modules.sample.sample — [SAMPLE] Wildcard echo: [SAMPLE] Echo #52
[2025-12-24 06:12:11.402] [DEBUG] modules.sample.sample — [SAMPLE] Wildcard echo: [SAMPLE] Echo #111111111aaa52
[2025-12-24 06:12:11.417] [INFO] modules.sample.sample — [SAMPLE] Module received echo request #53: [SAMPLE] Echo #53
[2025-12-24 06:12:11.417] [DEBUG] modules.sample.sample — [SAMPLE] Wildcard echo: [SAMPLE] Echo #53
[2025-12-24 06:12:11.418] [DEBUG] modules.sample.sample — [SAMPLE] Wildcard echo: [SAMPLE] Echo #111111111aaa53
[2025-12-24 06:12:11.432] [INFO] modules.sample.sample — [SAMPLE] Module received echo request #54: [SAMPLE] Echo #54
[2025-12-24 06:12:11.433] [DEBUG] modules.sample.sample — [SAMPLE] Wildcard echo: [SAMPLE] Echo #54
[2025-12-24 06:12:11.433] [DEBUG] modules.sample.sample — [SAMPLE] Wildcard echo: [SAMPLE] Echo #111111111aaa54
[2025-12-24 06:12:11.449] [INFO] modules.sample.sample — [SAMPLE] Module received echo request #55: [SAMPLE] Echo #55
[2025-12-24 06:12:11.449] [DEBUG] modules.sample.sample — [SAMPLE] Wildcard echo: [SAMPLE] Echo #55
[2025-12-24 06:12:11.449] [DEBUG] modules.sample.sample — [SAMPLE] Wildcard echo: [SAMPLE] Echo #111111111aaa55
[2025-12-24 06:12:11.464] [INFO] modules.sample.sample — [SAMPLE] Module received echo request #56: [SAMPLE] Echo #56
[2025-12-24 06:12:11.464] [DEBUG] modules.sample.sample — [SAMPLE] Wildcard echo: [SAMPLE] Echo #56
[2025-12-24 06:12:11.464] [DEBUG] modules.sample.sample — [SAMPLE] Wildcard echo: [SAMPLE] Echo #111111111aaa56
[2025-12-24 06:12:11.480] [INFO] modules.sample.sample — [SAMPLE] Module received echo request #57: [SAMPLE] Echo #57
[2025-12-24 06:12:11.480] [DEBUG] modules.sample.sample — [SAMPLE] Wildcard echo: [SAMPLE] Echo #57
[2025-12-24 06:12:11.480] [DEBUG] modules.sample.sample — [SAMPLE] Wildcard echo: [SAMPLE] Echo #111111111aaa57
[2025-12-24 06:12:11.496] [INFO] modules.sample.sample — [SAMPLE] Module received echo request #58: [SAMPLE] Echo #58
[2025-12-24 06:12:11.496] [DEBUG] modules.sample.sample — [SAMPLE] Wildcard echo: [SAMPLE] Echo #58
[2025-12-24 06:12:11.496] [DEBUG] modules.sample.sample — [SAMPLE] Wildcard echo: [SAMPLE] Echo #111111111aaa58
[2025-12-24 06:12:11.511] [INFO] modules.sample.sample — [SAMPLE] Module received echo request #59: [SAMPLE] Echo #59
[2025-12-24 06:12:11.511] [DEBUG] modules.sample.sample — [SAMPLE] Wildcard echo: [SAMPLE] Echo #59
[2025-12-24 06:12:11.511] [DEBUG] modules.sample.sample — [SAMPLE] Wildcard echo: [SAMPLE] Echo #111111111aaa59
[2025-12-24 06:12:11.527] [INFO] modules.sample.sample — [SAMPLE] Module received echo request #60: [SAMPLE] Echo #60
[2025-12-24 06:12:11.527] [DEBUG] modules.sample.sample — [SAMPLE] Wildcard echo: [SAMPLE] Echo #60
[2025-12-24 06:12:11.527] [DEBUG] modules.sample.sample — [SAMPLE] Wildcard echo: [SAMPLE] Echo #111111111aaa60
[2025-12-24 06:12:11.542] [INFO] modules.sample.sample — [SAMPLE] Module received echo request #61: [SAMPLE] Echo #61
[2025-12-24 06:12:11.542] [DEBUG] modules.sample.sample — [SAMPLE] Wildcard echo: [SAMPLE] Echo #61
[2025-12-24 06:12:11.543] [DEBUG] modules.sample.sample — [SAMPLE] Wildcard echo: [SAMPLE] Echo #111111111aaa61
[2025-12-24 06:12:11.558] [INFO] modules.sample.sample — [SAMPLE] Module received echo request #62: [SAMPLE] Echo #62
[2025-12-24 06:12:11.558] [DEBUG] modules.sample.sample — [SAMPLE] Wildcard echo: [SAMPLE] Echo #62
[2025-12-24 06:12:11.559] [DEBUG] modules.sample.sample — [SAMPLE] Wildcard echo: [SAMPLE] Echo #111111111aaa62
[2025-12-24 06:12:11.570] [INFO] core.controller — Shutdown signal received. Initiating graceful shutdown...
[2025-12-24 06:12:11.570] [INFO] core.controller — Shutdown initiated. Stopping modules...
[2025-12-24 06:12:11.570] [INFO] core.controller — Stopping all modules...
[2025-12-24 06:12:11.570] [INFO] core.base_module — [SAMPLE] Stopping module...
[2025-12-24 06:12:11.570] [INFO] core.base_module — [SAMPLE] Module run task cancelled
[2025-12-24 06:12:11.570] [INFO] modules.sample.sample — [SAMPLE] Cleaned up after 62 echoes
[2025-12-24 06:12:11.570] [DEBUG] core.message — Removed 2 subscriptions for module 'sample'
[2025-12-24 06:12:11.570] [INFO] core.base_module — [SAMPLE] Module stopped
[2025-12-24 06:12:11.570] [INFO] core.controller — Stopped module: sample
[2025-12-24 06:12:11.570] [INFO] core.controller — Controller stopped
